<?xml version="1.0" encoding="UTF-8"?>
<testsuite name="com.hdfcbank.neftiladmiproccessor.model.TransactionAuditTest" tests="2" skipped="0" failures="0" errors="0" timestamp="2025-09-01T09:47:51.073Z" hostname="C02J61-7821B24F" time="0.03">
  <properties/>
  <testcase name="testAllArgsConstructorAndEqualsHashCodeToString()" classname="com.hdfcbank.neftiladmiproccessor.model.TransactionAuditTest" time="0.029"/>
  <testcase name="testNoArgsConstructorAndSettersGetters()" classname="com.hdfcbank.neftiladmiproccessor.model.TransactionAuditTest" time="0.0"/>
  <system-out><![CDATA[]]></system-out>
  <system-err><![CDATA[]]></system-err>
</testsuite>
