<?xml version="1.0" encoding="UTF-8"?>
<testsuite name="com.hdfcbank.neftiladmiproccessor.exception.NILExceptionTest" tests="5" skipped="0" failures="0" errors="0" timestamp="2025-09-01T09:47:50.910Z" hostname="C02J61-7821B24F" time="0.012">
  <properties/>
  <testcase name="testConstructorWithMessageAndThrowable()" classname="com.hdfcbank.neftiladmiproccessor.exception.NILExceptionTest" time="0.002"/>
  <testcase name="testConstructorWithMessage()" classname="com.hdfcbank.neftiladmiproccessor.exception.NILExceptionTest" time="0.0"/>
  <testcase name="testConstructorWithMessageAndErrors()" classname="com.hdfcbank.neftiladmiproccessor.exception.NILExceptionTest" time="0.004"/>
  <testcase name="testSetAndGetErrors()" classname="com.hdfcbank.neftiladmiproccessor.exception.NILExceptionTest" time="0.002"/>
  <testcase name="testDefaultConstructor()" classname="com.hdfcbank.neftiladmiproccessor.exception.NILExceptionTest" time="0.002"/>
  <system-out><![CDATA[]]></system-out>
  <system-err><![CDATA[]]></system-err>
</testsuite>
