<?xml version="1.0" encoding="UTF-8"?>
<testsuite name="com.hdfcbank.neftiladmiproccessor.model.FaultTest" tests="3" skipped="0" failures="0" errors="0" timestamp="2025-09-01T09:47:51.031Z" hostname="C02J61-7821B24F" time="0.001">
  <properties/>
  <testcase name="testToString()" classname="com.hdfcbank.neftiladmiproccessor.model.FaultTest" time="0.0"/>
  <testcase name="testBuilderAndGettersSetters()" classname="com.hdfcbank.neftiladmiproccessor.model.FaultTest" time="0.001"/>
  <testcase name="testEqualsAndHashCode()" classname="com.hdfcbank.neftiladmiproccessor.model.FaultTest" time="0.0"/>
  <system-out><![CDATA[]]></system-out>
  <system-err><![CDATA[]]></system-err>
</testsuite>
