<?xml version="1.0" encoding="UTF-8"?>
<testsuite name="com.hdfcbank.neftiladmiproccessor.model.MsgEventTrackerTest" tests="2" skipped="0" failures="0" errors="0" timestamp="2025-09-01T09:47:51.035Z" hostname="C02J61-7821B24F" time="0.033">
  <properties/>
  <testcase name="testSettersAndEqualsHashCodeToString()" classname="com.hdfcbank.neftiladmiproccessor.model.MsgEventTrackerTest" time="0.032"/>
  <testcase name="testBuilderAndGettersSetters()" classname="com.hdfcbank.neftiladmiproccessor.model.MsgEventTrackerTest" time="0.001"/>
  <system-out><![CDATA[]]></system-out>
  <system-err><![CDATA[]]></system-err>
</testsuite>
