<?xml version="1.0" encoding="UTF-8"?>
<testsuite name="com.hdfcbank.neftiladmiproccessor.utils.ConstantsTest" tests="4" skipped="0" failures="0" errors="0" timestamp="2025-09-01T09:47:59.224Z" hostname="C02J61-7821B24F" time="0.003">
  <properties/>
  <testcase name="testInProgress()" classname="com.hdfcbank.neftiladmiproccessor.utils.ConstantsTest" time="0.0"/>
  <testcase name="testKafkaResponseTopicDaprBinding()" classname="com.hdfcbank.neftiladmiproccessor.utils.ConstantsTest" time="0.001"/>
  <testcase name="testDispatchedFc()" classname="com.hdfcbank.neftiladmiproccessor.utils.ConstantsTest" time="0.0"/>
  <testcase name="testDispatchedEph()" classname="com.hdfcbank.neftiladmiproccessor.utils.ConstantsTest" time="0.0"/>
  <system-out><![CDATA[]]></system-out>
  <system-err><![CDATA[]]></system-err>
</testsuite>
