<?xml version="1.0" encoding="UTF-8"?>
<testsuite name="com.hdfcbank.neftiladmiproccessor.kafkaproducer.KafkaUtilsTest" tests="2" skipped="0" failures="0" errors="0" timestamp="2025-09-01T09:47:50.925Z" hostname="C02J61-7821B24F" time="0.085">
  <properties/>
  <testcase name="testPublishToResponseTopicError()" classname="com.hdfcbank.neftiladmiproccessor.kafkaproducer.KafkaUtilsTest" time="0.08"/>
  <testcase name="testPublishToResponseTopicSuccess()" classname="com.hdfcbank.neftiladmiproccessor.kafkaproducer.KafkaUtilsTest" time="0.005"/>
  <system-out><![CDATA[2025-09-01T15:17:50.990+05:30  INFO 29648 --- [neft-il-admi-processor] [    Test worker] c.h.n.kafkaproducer.KafkaUtils           : Error on publishing the response to response topic
2025-09-01T15:17:51.009+05:30  INFO 29648 --- [neft-il-admi-processor] [    Test worker] c.h.n.kafkaproducer.KafkaUtils           : Response published to response topic successfully
]]></system-out>
  <system-err><![CDATA[]]></system-err>
</testsuite>
