<?xml version="1.0" encoding="UTF-8"?>
<testsuite name="com.hdfcbank.neftiladmiproccessor.NeftIlAdmiProcessorApplicationTests" tests="2" skipped="0" failures="0" errors="0" timestamp="2025-09-01T09:47:49.436Z" hostname="C02J61-7821B24F" time="1.089">
  <properties/>
  <testcase name="mainMethodRunsWithoutException()" classname="com.hdfcbank.neftiladmiproccessor.NeftIlAdmiProcessorApplicationTests" time="1.085"/>
  <testcase name="contextLoads()" classname="com.hdfcbank.neftiladmiproccessor.NeftIlAdmiProcessorApplicationTests" time="0.003"/>
  <system-out><![CDATA[15:17:46.206 [Test worker] INFO org.springframework.test.context.support.AnnotationConfigContextLoaderUtils -- Could not detect default configuration classes for test class [com.hdfcbank.neftiladmiproccessor.NeftIlAdmiProcessorApplicationTests]: NeftIlAdmiProcessorApplicationTests does not declare any static, non-private, non-final, nested classes annotated with @Configuration.
15:17:46.337 [Test worker] INFO org.springframework.boot.test.context.SpringBootTestContextBootstrapper -- Found @SpringBootConfiguration com.hdfcbank.neftiladmiproccessor.NeftIlAdmiProcessorApplication for test class com.hdfcbank.neftiladmiproccessor.NeftIlAdmiProcessorApplicationTests

  .   ____          _            __ _ _
 /\\ / ___'_ __ _ _(_)_ __  __ _ \ \ \ \
( ( )\___ | '_ | '_| | '_ \/ _` | \ \ \ \
 \\/  ___)| |_)| | | | | || (_| |  ) ) ) )
  '  |____| .__|_| |_|_| |_\__, | / / / /
 =========|_|==============|___/=/_/_/_/

 :: Spring Boot ::                (v3.5.5)

2025-09-01T15:17:47.217+05:30  WARN 29648 --- [neft-il-admi-processor] [    Test worker] ory$DuplicateJsonObjectContextCustomizer : 

Found multiple occurrences of org.json.JSONObject on the class path:

	jar:file:/Users/shariqueahmed/.gradle/caches/modules-2/files-2.1/org.json/json/20220924/5aa95e7688f76c664af205c5937620f02688dfbc/json-20220924.jar!/org/json/JSONObject.class
	jar:file:/Users/shariqueahmed/.gradle/caches/modules-2/files-2.1/com.vaadin.external.google/android-json/0.0.20131108.vaadin1/fa26d351fe62a6a17f5cda1287c1c6110dec413f/android-json-0.0.20131108.vaadin1.jar!/org/json/JSONObject.class

You may wish to exclude one of them to ensure predictable runtime behavior

2025-09-01T15:17:47.250+05:30  INFO 29648 --- [neft-il-admi-processor] [    Test worker] .h.n.NeftIlAdmiProcessorApplicationTests : Starting NeftIlAdmiProcessorApplicationTests using Java 17.0.12 with PID 29648 (started by shariqueahmed in /Users/shariqueahmed/Documents/Workspaces/Hdfc/neft-il-admi-processor)
2025-09-01T15:17:47.254+05:30  INFO 29648 --- [neft-il-admi-processor] [    Test worker] .h.n.NeftIlAdmiProcessorApplicationTests : No active profile set, falling back to 1 default profile: "default"
2025-09-01T15:17:49.420+05:30  INFO 29648 --- [neft-il-admi-processor] [    Test worker] .h.n.NeftIlAdmiProcessorApplicationTests : Started NeftIlAdmiProcessorApplicationTests in 2.804 seconds (process running for 4.237)

  .   ____          _            __ _ _
 /\\ / ___'_ __ _ _(_)_ __  __ _ \ \ \ \
( ( )\___ | '_ | '_| | '_ \/ _` | \ \ \ \
 \\/  ___)| |_)| | | | | || (_| |  ) ) ) )
  '  |____| .__|_| |_|_| |_\__, | / / / /
 =========|_|==============|___/=/_/_/_/

 :: Spring Boot ::                (v3.5.5)

2025-09-01T15:17:50.033+05:30  INFO 29648 --- [neft-il-admi-processor] [    Test worker] c.h.n.NeftIlAdmiProcessorApplication     : Starting NeftIlAdmiProcessorApplication using Java 17.0.12 with PID 29648 (started by shariqueahmed in /Users/shariqueahmed/Documents/Workspaces/Hdfc/neft-il-admi-processor)
2025-09-01T15:17:50.033+05:30  INFO 29648 --- [neft-il-admi-processor] [    Test worker] c.h.n.NeftIlAdmiProcessorApplication     : No active profile set, falling back to 1 default profile: "default"
2025-09-01T15:17:50.269+05:30  INFO 29648 --- [neft-il-admi-processor] [    Test worker] o.s.b.w.embedded.tomcat.TomcatWebServer  : Tomcat initialized with port 8089 (http)
2025-09-01T15:17:50.281+05:30  INFO 29648 --- [neft-il-admi-processor] [    Test worker] o.apache.catalina.core.StandardService   : Starting service [Tomcat]
2025-09-01T15:17:50.281+05:30  INFO 29648 --- [neft-il-admi-processor] [    Test worker] o.apache.catalina.core.StandardEngine    : Starting Servlet engine: [Apache Tomcat/10.1.44]
2025-09-01T15:17:50.333+05:30  INFO 29648 --- [neft-il-admi-processor] [    Test worker] o.a.c.c.C.[Tomcat].[localhost].[/]       : Initializing Spring embedded WebApplicationContext
2025-09-01T15:17:50.335+05:30  INFO 29648 --- [neft-il-admi-processor] [    Test worker] w.s.c.ServletWebServerApplicationContext : Root WebApplicationContext: initialization completed in 299 ms
2025-09-01T15:17:50.499+05:30  INFO 29648 --- [neft-il-admi-processor] [    Test worker] o.s.b.w.embedded.tomcat.TomcatWebServer  : Tomcat started on port 8089 (http) with context path '/'
2025-09-01T15:17:50.502+05:30  INFO 29648 --- [neft-il-admi-processor] [    Test worker] c.h.n.NeftIlAdmiProcessorApplication     : Started NeftIlAdmiProcessorApplication in 0.485 seconds (process running for 5.319)
]]></system-out>
  <system-err><![CDATA[]]></system-err>
</testsuite>
