<?xml version="1.0" encoding="UTF-8"?>
<testsuite name="com.hdfcbank.neftiladmiproccessor.model.Admi004TrackerTest" tests="2" skipped="0" failures="0" errors="0" timestamp="2025-09-01T09:47:51.011Z" hostname="C02J61-7821B24F" time="0.018">
  <properties/>
  <testcase name="testSettersAndEqualsHashCodeToString()" classname="com.hdfcbank.neftiladmiproccessor.model.Admi004TrackerTest" time="0.017"/>
  <testcase name="testBuilderAndGettersSetters()" classname="com.hdfcbank.neftiladmiproccessor.model.Admi004TrackerTest" time="0.0"/>
  <system-out><![CDATA[]]></system-out>
  <system-err><![CDATA[]]></system-err>
</testsuite>
