<?xml version="1.0" encoding="UTF-8"?>
<testsuite name="com.hdfcbank.neftiladmiproccessor.utils.NILRouterCommonUtilityTest" tests="10" skipped="0" failures="0" errors="0" timestamp="2025-09-01T09:47:59.228Z" hostname="C02J61-7821B24F" time="0.256">
  <properties/>
  <testcase name="testDuplicateExistsTrue()" classname="com.hdfcbank.neftiladmiproccessor.utils.NILRouterCommonUtilityTest" time="0.002"/>
  <testcase name="testGetBatchCreationDate()" classname="com.hdfcbank.neftiladmiproccessor.utils.NILRouterCommonUtilityTest" time="0.085"/>
  <testcase name="testParseXmlStringToDocumentAndDocumentToXmlString()" classname="com.hdfcbank.neftiladmiproccessor.utils.NILRouterCommonUtilityTest" time="0.12"/>
  <testcase name="testGetMsgDefIdr()" classname="com.hdfcbank.neftiladmiproccessor.utils.NILRouterCommonUtilityTest" time="0.005"/>
  <testcase name="testDuplicateExistsFalse()" classname="com.hdfcbank.neftiladmiproccessor.utils.NILRouterCommonUtilityTest" time="0.006"/>
  <testcase name="testGetTotalAmount()" classname="com.hdfcbank.neftiladmiproccessor.utils.NILRouterCommonUtilityTest" time="0.007"/>
  <testcase name="testEvaluateTextMissing()" classname="com.hdfcbank.neftiladmiproccessor.utils.NILRouterCommonUtilityTest" time="0.004"/>
  <testcase name="testGetBizMsgIdr()" classname="com.hdfcbank.neftiladmiproccessor.utils.NILRouterCommonUtilityTest" time="0.002"/>
  <testcase name="testEvaluateTextException()" classname="com.hdfcbank.neftiladmiproccessor.utils.NILRouterCommonUtilityTest" time="0.016"/>
  <testcase name="testEvaluateTextNormal()" classname="com.hdfcbank.neftiladmiproccessor.utils.NILRouterCommonUtilityTest" time="0.004"/>
  <system-out><![CDATA[]]></system-out>
  <system-err><![CDATA[]]></system-err>
</testsuite>
